#
# There is insufficient memory for the Java Runtime Environment to continue.
# Native memory allocation (mmap) failed to map 232783872 bytes for G1 virtual space
# Possible reasons:
#   The system is out of physical RAM or swap space
#   The process is running with CompressedOops enabled, and the Java Heap may be blocking the growth of the native heap
# Possible solutions:
#   Reduce memory load on the system
#   Increase physical memory or swap space
#   Check if swap backing store is full
#   Decrease Java heap size (-Xmx/-Xms)
#   Decrease number of Java threads
#   Decrease Java thread stack sizes (-Xss)
#   Set larger code cache with -XX:ReservedCodeCacheSize=
#   JVM is running with Zero Based Compressed Oops mode in which the Java heap is
#     placed in the first 32GB address space. The Java Heap base address is the
#     maximum limit for the native heap growth. Please use -XX:HeapBaseMinAddress
#     to set the Java Heap base and to place the Java Heap above 32GB virtual address.
# This output file may be truncated or incomplete.
#
#  Out of Memory Error (os_windows.cpp:3747), pid=11928, tid=17096
#
# JRE version:  (17.0.3+7) (build )
# Java VM: OpenJDK 64-Bit Server VM (17.0.3+7-b469.37, mixed mode, sharing, tiered, compressed oops, compressed class ptrs, g1 gc, windows-amd64)
# No core dump will be written. Minidumps are not enabled by default on client versions of Windows
#

---------------  S U M M A R Y ------------

Command Line: git4idea.http.GitAskPassApp Username for 'https://github.com': 

Host: AMD Ryzen 7 5800H with Radeon Graphics         , 16 cores, 13G,  Windows 10 , 64 bit Build 19041 (10.0.19041.3570)
Time: Fri Nov 10 20:28:03 2023  Windows 10 , 64 bit Build 19041 (10.0.19041.3570) elapsed time: 0.032909 seconds (0d 0h 0m 0s)

---------------  T H R E A D  ---------------

Current thread (0x0000024292556200):  JavaThread "Unknown thread" [_thread_in_vm, id=17096, stack(0x000000b879900000,0x000000b879a00000)]

Stack: [0x000000b879900000,0x000000b879a00000]
Native frames: (J=compiled Java code, j=interpreted, Vv=VM code, C=native code)
V  [jvm.dll+0x681f8a]
V  [jvm.dll+0x83e374]
V  [jvm.dll+0x83fb1e]
V  [jvm.dll+0x840183]
V  [jvm.dll+0x2492a5]
V  [jvm.dll+0x67ee59]
V  [jvm.dll+0x67355a]
V  [jvm.dll+0x308fab]
V  [jvm.dll+0x310466]
V  [jvm.dll+0x3601de]
V  [jvm.dll+0x36040f]
V  [jvm.dll+0x2df098]
V  [jvm.dll+0x2e0004]
V  [jvm.dll+0x80fc61]
V  [jvm.dll+0x36df61]
V  [jvm.dll+0x7ef17c]
V  [jvm.dll+0x3f10ef]
V  [jvm.dll+0x3f2c31]
C  [jli.dll+0x526b]
C  [ucrtbase.dll+0x21bb2]
C  [KERNEL32.DLL+0x17344]
C  [ntdll.dll+0x526b1]


---------------  P R O C E S S  ---------------

Threads class SMR info:
_java_thread_list=0x00007ffb68166f18, length=0, elements={
}

Java Threads: ( => current thread )

Other Threads:
  0x00000242925b5af0 GCTaskThread "GC Thread#0" [stack: 0x000000b879a00000,0x000000b879b00000] [id=18656]
  0x00000242925c6810 ConcurrentGCThread "G1 Main Marker" [stack: 0x000000b879b00000,0x000000b879c00000] [id=13484]
  0x00000242925c79c0 ConcurrentGCThread "G1 Conc#0" [stack: 0x000000b879c00000,0x000000b879d00000] [id=20136]

[error occurred during error reporting (printing all threads), id 0xc0000005, EXCEPTION_ACCESS_VIOLATION (0xc0000005) at pc=0x00007ffb6791fc57]

VM state: not at safepoint (not fully initialized)

VM Mutex/Monitor currently owned by a thread:  ([mutex/lock_event])
[0x00000242925525f0] Heap_lock - owner thread: 0x0000024292556200

Heap address: 0x0000000722400000, size: 3548 MB, Compressed Oops mode: Zero based, Oop shift amount: 3

CDS archive(s) mapped at: [0x0000000000000000-0x0000000000000000-0x0000000000000000), size 0, SharedBaseAddress: 0x0000000800000000, ArchiveRelocationMode: 0.
Narrow klass base: 0x0000000000000000, Narrow klass shift: 0, Narrow klass range: 0x0

GC Precious Log:
<Empty>

Heap:
 garbage-first heap   total 0K, used 0K [0x0000000722400000, 0x0000000800000000)
  region size 2048K, 0 young (0K), 0 survivors (0K)

[error occurred during error reporting (printing heap information), id 0xc0000005, EXCEPTION_ACCESS_VIOLATION (0xc0000005) at pc=0x00007ffb67d0bbd9]

GC Heap History (0 events):
No events

Deoptimization events (0 events):
No events

Classes unloaded (0 events):
No events

Classes redefined (0 events):
No events

Internal exceptions (0 events):
No events

VM Operations (0 events):
No events

Events (1 events):
Event: 0.018 Loaded shared library F:\xuexi\PHP\PhpStorm 2022.2.1\jbr\bin\java.dll


Dynamic libraries:
0x00007ff688670000 - 0x00007ff68867a000 	F:\xuexi\PHP\PhpStorm 2022.2.1\jbr\bin\java.exe
0x00007ffbc17f0000 - 0x00007ffbc19e7000 	C:\Windows\SYSTEM32\ntdll.dll
0x00007ffbc11c0000 - 0x00007ffbc127d000 	C:\Windows\System32\KERNEL32.DLL
0x00007ffbbf110000 - 0x00007ffbbf406000 	C:\Windows\System32\KERNELBASE.dll
0x00007ffbbf4f0000 - 0x00007ffbbf5f0000 	C:\Windows\System32\ucrtbase.dll
0x00007ffbba000000 - 0x00007ffbba01b000 	F:\xuexi\PHP\PhpStorm 2022.2.1\jbr\bin\VCRUNTIME140.dll
0x00007ffbb9c10000 - 0x00007ffbb9c27000 	F:\xuexi\PHP\PhpStorm 2022.2.1\jbr\bin\jli.dll
0x00007ffbc1440000 - 0x00007ffbc15de000 	C:\Windows\System32\USER32.dll
0x00007ffbbf5f0000 - 0x00007ffbbf612000 	C:\Windows\System32\win32u.dll
0x00007ffbaa5e0000 - 0x00007ffbaa87a000 	C:\Windows\WinSxS\amd64_microsoft.windows.common-controls_6595b64144ccf1df_6.0.19041.3570_none_60bb2a3971f3e41a\COMCTL32.dll
0x00007ffbbfa30000 - 0x00007ffbbfa5c000 	C:\Windows\System32\GDI32.dll
0x00007ffbc0810000 - 0x00007ffbc08ae000 	C:\Windows\System32\msvcrt.dll
0x00007ffbbf730000 - 0x00007ffbbf84a000 	C:\Windows\System32\gdi32full.dll
0x00007ffbbf620000 - 0x00007ffbbf6bd000 	C:\Windows\System32\msvcp_win.dll
0x00007ffbc0480000 - 0x00007ffbc04b0000 	C:\Windows\System32\IMM32.DLL
0x00007ffbbad40000 - 0x00007ffbbad4c000 	F:\xuexi\PHP\PhpStorm 2022.2.1\jbr\bin\vcruntime140_1.dll
0x00007ffb99c70000 - 0x00007ffb99cfd000 	F:\xuexi\PHP\PhpStorm 2022.2.1\jbr\bin\msvcp140.dll
0x00007ffb67630000 - 0x00007ffb68298000 	F:\xuexi\PHP\PhpStorm 2022.2.1\jbr\bin\server\jvm.dll
0x00007ffbc0df0000 - 0x00007ffbc0e9e000 	C:\Windows\System32\ADVAPI32.dll
0x00007ffbc1280000 - 0x00007ffbc131c000 	C:\Windows\System32\sechost.dll
0x00007ffbbf850000 - 0x00007ffbbf976000 	C:\Windows\System32\RPCRT4.dll
0x00007ffbbfb90000 - 0x00007ffbbfb98000 	C:\Windows\System32\PSAPI.DLL
0x00007ffbbad60000 - 0x00007ffbbad69000 	C:\Windows\SYSTEM32\WSOCK32.dll
0x00007ffbb57b0000 - 0x00007ffbb57d7000 	C:\Windows\SYSTEM32\WINMM.dll
0x00007ffbb5e70000 - 0x00007ffbb5e7a000 	C:\Windows\SYSTEM32\VERSION.dll
0x00007ffbc08b0000 - 0x00007ffbc091b000 	C:\Windows\System32\WS2_32.dll
0x00007ffbbcd30000 - 0x00007ffbbcd42000 	C:\Windows\SYSTEM32\kernel.appcore.dll
0x00007ffbbac20000 - 0x00007ffbbac2a000 	F:\xuexi\PHP\PhpStorm 2022.2.1\jbr\bin\jimage.dll
0x00007ffbac5e0000 - 0x00007ffbac7c4000 	C:\Windows\SYSTEM32\DBGHELP.DLL
0x00007ffba6780000 - 0x00007ffba67b4000 	C:\Windows\SYSTEM32\dbgcore.DLL
0x00007ffbbf460000 - 0x00007ffbbf4e2000 	C:\Windows\System32\bcryptPrimitives.dll
0x00007ffbb9ba0000 - 0x00007ffbb9bc5000 	F:\xuexi\PHP\PhpStorm 2022.2.1\jbr\bin\java.dll

dbghelp: loaded successfully - version: 4.0.5 - missing functions: none
symbol engine: initialized successfully - sym options: 0x614 - pdb path: .;F:\xuexi\PHP\PhpStorm 2022.2.1\jbr\bin;C:\Windows\SYSTEM32;C:\Windows\WinSxS\amd64_microsoft.windows.common-controls_6595b64144ccf1df_6.0.19041.3570_none_60bb2a3971f3e41a;F:\xuexi\PHP\PhpStorm 2022.2.1\jbr\bin\server

VM Arguments:
java_command: git4idea.http.GitAskPassApp Username for 'https://github.com': 
java_class_path (initial): F:/xuexi/PHP/PhpStorm 2022.2.1/plugins/git4idea/lib/git4idea-rt.jar;F:/xuexi/PHP/PhpStorm 2022.2.1/lib/externalProcess-rt.jar;F:/xuexi/PHP/PhpStorm 2022.2.1/lib/app.jar;F:/xuexi/PHP/PhpStorm 2022.2.1/lib/3rd-party-rt.jar
Launcher Type: SUN_STANDARD

[Global flags]
     intx CICompilerCount                          = 12                                        {product} {ergonomic}
     uint ConcGCThreads                            = 3                                         {product} {ergonomic}
     uint G1ConcRefinementThreads                  = 13                                        {product} {ergonomic}
   size_t G1HeapRegionSize                         = 2097152                                   {product} {ergonomic}
    uintx GCDrainStackTargetSize                   = 64                                        {product} {ergonomic}
   size_t InitialHeapSize                          = 232783872                                 {product} {ergonomic}
   size_t MarkStackSize                            = 4194304                                   {product} {ergonomic}
   size_t MaxHeapSize                              = 3720347648                                {product} {ergonomic}
   size_t MinHeapDeltaBytes                        = 2097152                                   {product} {ergonomic}
   size_t MinHeapSize                              = 8388608                                   {product} {ergonomic}
    uintx NonNMethodCodeHeapSize                   = 7602480                                {pd product} {ergonomic}
    uintx NonProfiledCodeHeapSize                  = 122027880                              {pd product} {ergonomic}
    uintx ProfiledCodeHeapSize                     = 122027880                              {pd product} {ergonomic}
    uintx ReservedCodeCacheSize                    = 251658240                              {pd product} {ergonomic}
     bool SegmentedCodeCache                       = true                                      {product} {ergonomic}
   size_t SoftMaxHeapSize                          = 3720347648                             {manageable} {ergonomic}
     bool UseCompressedClassPointers               = true                           {product lp64_product} {ergonomic}
     bool UseCompressedOops                        = true                           {product lp64_product} {ergonomic}
     bool UseG1GC                                  = true                                      {product} {ergonomic}
     bool UseLargePagesIndividualAllocation        = false                                  {pd product} {ergonomic}

Logging:
Log output configuration:
 #0: stdout all=warning uptime,level,tags
 #1: stderr all=off uptime,level,tags

Environment Variables:
JAVA_HOME=F:\xuexi\Java1
CLASSPATH=.;F:\xuexi\JAVA\jdk\lib\dt,jar;*\lib\tools.jar;
PATH=F:/xuexi/Git/Git/mingw64/libexec/git-core;F:/xuexi/Git/Git/mingw64/libexec/git-core;F:\xuexi\Git\Git\mingw64\bin;F:\xuexi\Git\Git\usr\bin;C:\Users\mh\bin;E:\软件\ShadowBot;"F:\xuexi\Java1\bin;";C:\Program Files\Common Files\Oracle\Java\javapath;C:\Program Files (x86)\Common Files\Oracle\Java\javapath;F:\xuexi\Java1\jre\bin;C:\Program Files\Python38\Scripts\;C:\Program Files\Python38\;C:\Program Files (x86)\NVIDIA Corporation\PhysX\Common;C:\Windows\system32;C:\Windows;C:\Windows\System32\Wbem;C:\Windows\System32\WindowsPowerShell\v1.0\;C:\Windows\System32\OpenSSH\;F:\xuexi\Java\jdk;C:\Program Files\MySQL\MySQL Server 5.7\bin;C:\Users\mh\AppData\Roaming\Python\Python38\Scripts;F:\xuexi\Git\Git\cmd;C:\Program Files\Microsoft SQL Server\150\Tools\Binn\;C:\Program Files\Microsoft SQL Server\Client SDK\ODBC\170\Tools\Binn\;C:\Program Files\dotnet\;F:\xuexi\Redis-x64-5.0.14.1\;C:\ProgramData\ComposerSetup\bin;F:\xuexi\Git\Git\bin;F:\xuexi\PHP\phpstudy_pro\Extensions\php\php8.2.9nts;C:\Program Files\Docker\Docker\resources\bin;E:\软件\微信web开发者工具\dll;E:\软件\ShadowBot;C:\Users\mh\AppData\Local\Microsoft\WindowsApps;E:\Game\新建文件夹\QQGameTempest\Hall.57795\;C:\Users\mh\.dotnet\tools;F:\xuexi\Microsoft VS Code\bin;C:\Users\mh\AppData\Local\GitHubDesktop\bin;C:\Users\mh\AppData\Roaming\Composer\vendor\bin
USERNAME=mh
DISPLAY=:0.0
LC_ALL=en_US.UTF-8
OS=Windows_NT
PROCESSOR_IDENTIFIER=AMD64 Family 25 Model 80 Stepping 0, AuthenticAMD



---------------  S Y S T E M  ---------------

OS:
 Windows 10 , 64 bit Build 19041 (10.0.19041.3570)
OS uptime: 0 days 11:39 hours
Hyper-V role detected

CPU: total 16 (initial active 16) (16 cores per cpu, 2 threads per core) family 25 model 80 stepping 0 microcode 0x0, cx8, cmov, fxsr, ht, mmx, 3dnowpref, sse, sse2, sse3, ssse3, sse4a, sse4.1, sse4.2, popcnt, lzcnt, tsc, tscinvbit, avx, avx2, aes, erms, clmul, bmi1, bmi2, adx, sha, fma, vzeroupper, clflush, clflushopt, hv

Memory: 4k page, system-wide physical 14188M (425M free)
TotalPageFile size 57147M (AvailPageFile size 95M)
current process WorkingSet (physical memory assigned to process): 10M, peak: 10M
current process commit charge ("private bytes"): 70M, peak: 292M

vm_info: OpenJDK 64-Bit Server VM (17.0.3+7-b469.37) for windows-amd64 JRE (17.0.3+7-b469.37), built on 2022-08-01 by "builduser" with MS VC++ 16.10 / 16.11 (VS2019)

END.
