#
# There is insufficient memory for the Java Runtime Environment to continue.
# Native memory allocation (malloc) failed to allocate 1048576 bytes for AllocateHeap
# Possible reasons:
#   The system is out of physical RAM or swap space
#   The process is running with CompressedOops enabled, and the Java Heap may be blocking the growth of the native heap
# Possible solutions:
#   Reduce memory load on the system
#   Increase physical memory or swap space
#   Check if swap backing store is full
#   Decrease Java heap size (-Xmx/-Xms)
#   Decrease number of Java threads
#   Decrease Java thread stack sizes (-Xss)
#   Set larger code cache with -XX:ReservedCodeCacheSize=
#   JVM is running with Unscaled Compressed Oops mode in which the Java heap is
#     placed in the first 4GB address space. The Java Heap base address is the
#     maximum limit for the native heap growth. Please use -XX:HeapBaseMinAddress
#     to set the Java Heap base and to place the Java Heap above 4GB virtual address.
# This output file may be truncated or incomplete.
#
#  Out of Memory Error (allocation.cpp:44), pid=88608, tid=31060
#
# JRE version:  (17.0.3+7) (build )
# Java VM: OpenJDK 64-Bit Server VM (17.0.3+7-b469.37, mixed mode, sharing, tiered, compressed oops, compressed class ptrs, g1 gc, windows-amd64)
# No core dump will be written. Minidumps are not enabled by default on client versions of Windows
#

---------------  S U M M A R Y ------------

Command Line: git4idea.http.GitAskPassApp Username for 'https://github.com': 

Host: AMD Ryzen 7 5800H with Radeon Graphics         , 16 cores, 13G,  Windows 10 , 64 bit Build 19041 (10.0.19041.3570)
Time: Wed Nov  8 12:23:25 2023  Windows 10 , 64 bit Build 19041 (10.0.19041.3570) elapsed time: 0.015860 seconds (0d 0h 0m 0s)

---------------  T H R E A D  ---------------

Current thread (0x000002171bfc6200):  JavaThread "Unknown thread" [_thread_in_vm, id=31060, stack(0x000000e98fa00000,0x000000e98fb00000)]

Stack: [0x000000e98fa00000,0x000000e98fb00000]
Native frames: (J=compiled Java code, j=interpreted, Vv=VM code, C=native code)
V  [jvm.dll+0x681f8a]
V  [jvm.dll+0x83e374]
V  [jvm.dll+0x83fb1e]
V  [jvm.dll+0x840183]
V  [jvm.dll+0x2492a5]
V  [jvm.dll+0xa64cf]
V  [jvm.dll+0x2dad64]
V  [jvm.dll+0x80fc2c]
V  [jvm.dll+0x36df61]
V  [jvm.dll+0x7ef17c]
V  [jvm.dll+0x3f10ef]
V  [jvm.dll+0x3f2c31]
C  [jli.dll+0x526b]
C  [ucrtbase.dll+0x21bb2]
C  [KERNEL32.DLL+0x17344]
C  [ntdll.dll+0x526b1]


---------------  P R O C E S S  ---------------

Threads class SMR info:
_java_thread_list=0x00007ffbb5316f18, length=0, elements={
}

Java Threads: ( => current thread )

Other Threads:

=>0x000002171bfc6200 (exited) JavaThread "Unknown thread" [_thread_in_vm, id=31060, stack(0x000000e98fa00000,0x000000e98fb00000)]

Threads with active compile tasks:

VM state: not at safepoint (not fully initialized)

VM Mutex/Monitor currently owned by a thread: None

Heap address: 0x0000000000000000, size: 0 MB, Compressed Oops mode: 32-bit

CDS archive(s) mapped at: [0x0000000000000000-0x0000000000000000-0x0000000000000000), size 0, SharedBaseAddress: 0x0000000800000000, ArchiveRelocationMode: 0.
Narrow klass base: 0x0000000000000000, Narrow klass shift: 0, Narrow klass range: 0x0

GC Precious Log:
<Empty>

GC Heap History (0 events):
No events

Deoptimization events (0 events):
No events

Classes unloaded (0 events):
No events

Classes redefined (0 events):
No events

Internal exceptions (0 events):
No events

VM Operations (0 events):
No events

Events (1 events):
Event: 0.010 Loaded shared library F:\xuexi\PHP\PhpStorm 2022.2.1\jbr\bin\java.dll


Dynamic libraries:
0x00007ff7ca460000 - 0x00007ff7ca46a000 	F:\xuexi\PHP\PhpStorm 2022.2.1\jbr\bin\java.exe
0x00007ffc10030000 - 0x00007ffc10227000 	C:\Windows\SYSTEM32\ntdll.dll
0x00007ffc0fc50000 - 0x00007ffc0fd0d000 	C:\Windows\System32\KERNEL32.DLL
0x00007ffc0d960000 - 0x00007ffc0dc56000 	C:\Windows\System32\KERNELBASE.dll
0x00007ffc0dc60000 - 0x00007ffc0dd60000 	C:\Windows\System32\ucrtbase.dll
0x00007ffbe8720000 - 0x00007ffbe8737000 	F:\xuexi\PHP\PhpStorm 2022.2.1\jbr\bin\jli.dll
0x00007ffc08230000 - 0x00007ffc0824b000 	F:\xuexi\PHP\PhpStorm 2022.2.1\jbr\bin\VCRUNTIME140.dll
0x00007ffc0e190000 - 0x00007ffc0e32e000 	C:\Windows\System32\USER32.dll
0x00007ffbf8e30000 - 0x00007ffbf90ca000 	C:\Windows\WinSxS\amd64_microsoft.windows.common-controls_6595b64144ccf1df_6.0.19041.3570_none_60bb2a3971f3e41a\COMCTL32.dll
0x00007ffc0dd60000 - 0x00007ffc0dd82000 	C:\Windows\System32\win32u.dll
0x00007ffc0fdb0000 - 0x00007ffc0fddc000 	C:\Windows\System32\GDI32.dll
0x00007ffc0e0f0000 - 0x00007ffc0e18e000 	C:\Windows\System32\msvcrt.dll
0x00007ffc0ded0000 - 0x00007ffc0dfea000 	C:\Windows\System32\gdi32full.dll
0x00007ffc0d760000 - 0x00007ffc0d7fd000 	C:\Windows\System32\msvcp_win.dll
0x00007ffc0fae0000 - 0x00007ffc0fb10000 	C:\Windows\System32\IMM32.DLL
0x00007ffc09470000 - 0x00007ffc0947c000 	F:\xuexi\PHP\PhpStorm 2022.2.1\jbr\bin\vcruntime140_1.dll
0x00007ffbe9bc0000 - 0x00007ffbe9c4d000 	F:\xuexi\PHP\PhpStorm 2022.2.1\jbr\bin\msvcp140.dll
0x00007ffbb47e0000 - 0x00007ffbb5448000 	F:\xuexi\PHP\PhpStorm 2022.2.1\jbr\bin\server\jvm.dll
0x00007ffc0e6e0000 - 0x00007ffc0e78e000 	C:\Windows\System32\ADVAPI32.dll
0x00007ffc0fd10000 - 0x00007ffc0fdac000 	C:\Windows\System32\sechost.dll
0x00007ffc0fb10000 - 0x00007ffc0fc36000 	C:\Windows\System32\RPCRT4.dll
0x00007ffc0f1f0000 - 0x00007ffc0f1f8000 	C:\Windows\System32\PSAPI.DLL
0x00007ffbeba40000 - 0x00007ffbeba49000 	C:\Windows\SYSTEM32\WSOCK32.dll
0x00007ffc023b0000 - 0x00007ffc023d7000 	C:\Windows\SYSTEM32\WINMM.dll
0x00007ffc04850000 - 0x00007ffc0485a000 	C:\Windows\SYSTEM32\VERSION.dll
0x00007ffc0e810000 - 0x00007ffc0e87b000 	C:\Windows\System32\WS2_32.dll
0x00007ffc0b570000 - 0x00007ffc0b582000 	C:\Windows\SYSTEM32\kernel.appcore.dll
0x00007ffbe8be0000 - 0x00007ffbe8bea000 	F:\xuexi\PHP\PhpStorm 2022.2.1\jbr\bin\jimage.dll
0x00007ffbfad00000 - 0x00007ffbfaee4000 	C:\Windows\SYSTEM32\DBGHELP.DLL
0x00007ffbf4760000 - 0x00007ffbf4794000 	C:\Windows\SYSTEM32\dbgcore.DLL
0x00007ffc0dd90000 - 0x00007ffc0de12000 	C:\Windows\System32\bcryptPrimitives.dll
0x00007ffbe8460000 - 0x00007ffbe8485000 	F:\xuexi\PHP\PhpStorm 2022.2.1\jbr\bin\java.dll

dbghelp: loaded successfully - version: 4.0.5 - missing functions: none
symbol engine: initialized successfully - sym options: 0x614 - pdb path: .;F:\xuexi\PHP\PhpStorm 2022.2.1\jbr\bin;C:\Windows\SYSTEM32;C:\Windows\WinSxS\amd64_microsoft.windows.common-controls_6595b64144ccf1df_6.0.19041.3570_none_60bb2a3971f3e41a;F:\xuexi\PHP\PhpStorm 2022.2.1\jbr\bin\server

VM Arguments:
java_command: git4idea.http.GitAskPassApp Username for 'https://github.com': 
java_class_path (initial): F:/xuexi/PHP/PhpStorm 2022.2.1/plugins/git4idea/lib/git4idea-rt.jar;F:/xuexi/PHP/PhpStorm 2022.2.1/lib/externalProcess-rt.jar;F:/xuexi/PHP/PhpStorm 2022.2.1/lib/app.jar;F:/xuexi/PHP/PhpStorm 2022.2.1/lib/3rd-party-rt.jar
Launcher Type: SUN_STANDARD

[Global flags]
     intx CICompilerCount                          = 12                                        {product} {ergonomic}
     uint ConcGCThreads                            = 3                                         {product} {ergonomic}
     uint G1ConcRefinementThreads                  = 13                                        {product} {ergonomic}
   size_t G1HeapRegionSize                         = 2097152                                   {product} {ergonomic}
    uintx GCDrainStackTargetSize                   = 64                                        {product} {ergonomic}
   size_t InitialHeapSize                          = 232783872                                 {product} {ergonomic}
   size_t MarkStackSize                            = 4194304                                   {product} {ergonomic}
   size_t MaxHeapSize                              = 3720347648                                {product} {ergonomic}
   size_t MinHeapDeltaBytes                        = 2097152                                   {product} {ergonomic}
   size_t MinHeapSize                              = 8388608                                   {product} {ergonomic}
    uintx NonNMethodCodeHeapSize                   = 7602480                                {pd product} {ergonomic}
    uintx NonProfiledCodeHeapSize                  = 122027880                              {pd product} {ergonomic}
    uintx ProfiledCodeHeapSize                     = 122027880                              {pd product} {ergonomic}
    uintx ReservedCodeCacheSize                    = 251658240                              {pd product} {ergonomic}
     bool SegmentedCodeCache                       = true                                      {product} {ergonomic}
   size_t SoftMaxHeapSize                          = 3720347648                             {manageable} {ergonomic}
     bool UseCompressedClassPointers               = true                           {product lp64_product} {ergonomic}
     bool UseCompressedOops                        = true                           {product lp64_product} {ergonomic}
     bool UseG1GC                                  = true                                      {product} {ergonomic}
     bool UseLargePagesIndividualAllocation        = false                                  {pd product} {ergonomic}

Logging:
Log output configuration:
 #0: stdout all=warning uptime,level,tags
 #1: stderr all=off uptime,level,tags

Environment Variables:
JAVA_HOME=F:\xuexi\Java1
CLASSPATH=.;F:\xuexi\JAVA\jdk\lib\dt,jar;*\lib\tools.jar;
PATH=F:/xuexi/Git/Git/mingw64/libexec/git-core;F:/xuexi/Git/Git/mingw64/libexec/git-core;F:\xuexi\Git\Git\mingw64\bin;F:\xuexi\Git\Git\usr\bin;C:\Users\mh\bin;E:\软件\ShadowBot;"F:\xuexi\Java1\bin;";C:\Program Files\Common Files\Oracle\Java\javapath;C:\Program Files (x86)\Common Files\Oracle\Java\javapath;F:\xuexi\Java1\jre\bin;C:\Program Files\Python38\Scripts\;C:\Program Files\Python38\;C:\Program Files (x86)\NVIDIA Corporation\PhysX\Common;C:\Windows\system32;C:\Windows;C:\Windows\System32\Wbem;C:\Windows\System32\WindowsPowerShell\v1.0\;C:\Windows\System32\OpenSSH\;F:\xuexi\Java\jdk;C:\Program Files\MySQL\MySQL Server 5.7\bin;C:\Users\mh\AppData\Roaming\Python\Python38\Scripts;F:\xuexi\Git\Git\cmd;C:\Program Files\Microsoft SQL Server\150\Tools\Binn\;C:\Program Files\Microsoft SQL Server\Client SDK\ODBC\170\Tools\Binn\;C:\Program Files\dotnet\;F:\xuexi\Redis-x64-5.0.14.1\;C:\ProgramData\ComposerSetup\bin;F:\xuexi\Git\Git\bin;F:\xuexi\PHP\phpstudy_pro\Extensions\php\php8.2.9nts;C:\Program Files\Docker\Docker\resources\bin;E:\软件\微信web开发者工具\dll;E:\软件\ShadowBot;C:\Users\mh\AppData\Local\Microsoft\WindowsApps;E:\Game\新建文件夹\QQGameTempest\Hall.57795\;C:\Users\mh\.dotnet\tools;F:\xuexi\Microsoft VS Code\bin;C:\Users\mh\AppData\Local\GitHubDesktop\bin;C:\Users\mh\AppData\Roaming\Composer\vendor\bin
USERNAME=mh
DISPLAY=:0.0
LC_ALL=en_US.UTF-8
OS=Windows_NT
PROCESSOR_IDENTIFIER=AMD64 Family 25 Model 80 Stepping 0, AuthenticAMD



---------------  S Y S T E M  ---------------

OS:
 Windows 10 , 64 bit Build 19041 (10.0.19041.3570)
OS uptime: 0 days 2:05 hours
Hyper-V role detected

CPU: total 16 (initial active 16) (16 cores per cpu, 2 threads per core) family 25 model 80 stepping 0 microcode 0x0, cx8, cmov, fxsr, ht, mmx, 3dnowpref, sse, sse2, sse3, ssse3, sse4a, sse4.1, sse4.2, popcnt, lzcnt, tsc, tscinvbit, avx, avx2, aes, erms, clmul, bmi1, bmi2, adx, sha, fma, vzeroupper, clflush, clflushopt, hv

Memory: 4k page, system-wide physical 14188M (281M free)
TotalPageFile size 57196M (AvailPageFile size 6M)
current process WorkingSet (physical memory assigned to process): 9M, peak: 9M
current process commit charge ("private bytes"): 20M, peak: 20M

vm_info: OpenJDK 64-Bit Server VM (17.0.3+7-b469.37) for windows-amd64 JRE (17.0.3+7-b469.37), built on 2022-08-01 by "builduser" with MS VC++ 16.10 / 16.11 (VS2019)

END.
